<?xml version="1.0" encoding="UTF-8"?>
<!-- Generated by org.testng.reporters.JUnitXMLReporter -->
<testsuite hostname="HP-HP" name="Default test" tests="9" failures="0" timestamp="12 Jun 2014 01:27:56 GMT" time="56.018" errors="0">
  <testcase name="test1" time="2.247" classname="selenium_Test.LoginTest"/>
  <testcase name="test1" time="1.25" classname="selenium_Test.LoginTest"/>
  <testcase name="test1" time="1.102" classname="selenium_Test.LoginTest"/>
  <testcase name="test1" time="1.061" classname="selenium_Test.LoginTest"/>
  <testcase name="test1" time="1.189" classname="selenium_Test.LoginTest"/>
  <testcase name="test1" time="1.088" classname="selenium_Test.LoginTest"/>
  <testcase name="test1" time="1.085" classname="selenium_Test.LoginTest"/>
  <testcase name="test1" time="1.444" classname="selenium_Test.LoginTest"/>
  <testcase name="test1" time="1.456" classname="selenium_Test.LoginTest"/>
</testsuite> <!-- Default test -->
