<?xml version="1.0" encoding="UTF-8"?>
<!-- Generated by org.testng.reporters.JUnitXMLReporter -->
<testsuite hostname="HP-HP" name="Test" tests="9" failures="0" timestamp="12 Jun 2014 14:22:51 GMT" time="89.949" errors="0">
  <testcase name="test1" time="2.843" classname="selenium_Test.LoginTest"/>
  <testcase name="test1" time="1.422" classname="selenium_Test.LoginTest"/>
  <testcase name="test1" time="1.323" classname="selenium_Test.LoginTest"/>
  <testcase name="test1" time="1.443" classname="selenium_Test.LoginTest"/>
  <testcase name="test1" time="1.438" classname="selenium_Test.LoginTest"/>
  <testcase name="test1" time="1.243" classname="selenium_Test.LoginTest"/>
  <testcase name="test1" time="1.346" classname="selenium_Test.LoginTest"/>
  <testcase name="test1" time="1.306" classname="selenium_Test.LoginTest"/>
  <testcase name="test1" time="1.366" classname="selenium_Test.LoginTest"/>
</testsuite> <!-- Test -->
