<html>
<head>
<title>TestNG:  Test</title>
<link href="../testng.css" rel="stylesheet" type="text/css" />
<link href="../my-testng.css" rel="stylesheet" type="text/css" />

<style type="text/css">
.log { display: none;} 
.stack-trace { display: none;} 
</style>
<script type="text/javascript">
<!--
function flip(e) {
  current = e.style.display;
  if (current == 'block') {
    e.style.display = 'none';
    return 0;
  }
  else {
    e.style.display = 'block';
    return 1;
  }
}

function toggleBox(szDivId, elem, msg1, msg2)
{
  var res = -1;  if (document.getElementById) {
    res = flip(document.getElementById(szDivId));
  }
  else if (document.all) {
    // this is the way old msie versions work
    res = flip(document.all[szDivId]);
  }
  if(elem) {
    if(res == 0) elem.innerHTML = msg1; else elem.innerHTML = msg2;
  }

}

function toggleAllBoxes() {
  if (document.getElementsByTagName) {
    d = document.getElementsByTagName('div');
    for (i = 0; i < d.length; i++) {
      if (d[i].className == 'log') {
        flip(d[i]);
      }
    }
  }
}

// -->
</script>

</head>
<body>
<h2 align='center'>Test</h2><table border='1' align="center">
<tr>
<td>Tests passed/Failed/Skipped:</td><td>2/3/11</td>
</tr><tr>
<td>Started on:</td><td>Fri Jun 13 15:15:49 CST 2014</td>
</tr>
<tr><td>Total time:</td><td>237 seconds (237816 ms)</td>
</tr><tr>
<td>Included groups:</td><td></td>
</tr><tr>
<td>Excluded groups:</td><td></td>
</tr>
</table><p/>
<small><i>(Hover the method name to see the test class name)</i></small><p/>
<table width='100%' border='1' class='invocation-failed'>
<tr><td colspan='4' align='center'><b>FAILED CONFIGURATIONS</b></td></tr>
<tr><td><b>Test method</b></td>
<td width="30%"><b>Exception</b></td>
<td width="10%"><b>Time (seconds)</b></td>
<td><b>Instance</b></td>
</tr>
<tr>
<td title='selenium_Test.RegisterTest.setUp()'><b>setUp</b><br>Test class: selenium_Test.RegisterTest</td>
<td><div><pre>org.openqa.selenium.WebDriverException: Failed to connect to binary FirefoxBinary(D:\firefox\firefox.exe) on port 7055; process output follows: 
@fiddler2.com&quot;:{&quot;descriptor&quot;:&quot;D:\\Fiddler2\\FiddlerHook&quot;,&quot;mtime&quot;:1395516244381,&quot;rdfTime&quot;:1391542948000}}},{&quot;name&quot;:&quot;app-global&quot;,&quot;addons&quot;:{&quot;{972ce4c6-7e08-4474-a285-3208198ce6fd}&quot;:{&quot;descriptor&quot;:&quot;D:\\firefox\\browser\\extensions\\{972ce4c6-7e08-4474-a285-3208198ce6fd}&quot;,&quot;mtime&quot;:1400239359511,&quot;rdfTime&quot;:1399421153000}}},{&quot;name&quot;:&quot;app-profile&quot;,&quot;addons&quot;:{&quot;account@mozillaonline.com&quot;:{&quot;descriptor&quot;:&quot;C:\\Users\\ZengYang\\AppData\\Local\\Temp\\anonymous1707486183708096046webdriver-profile\\extensions\\account@mozillaonline.com.xpi&quot;,&quot;mtime&quot;:1402643937996},&quot;cehomepage@mozillaonline.com&quot;:{&quot;descriptor&quot;:&quot;C:\\Users\\ZengYang\\AppData\\Local\\Temp\\anonymous1707486183708096046webdriver-profile\\extensions\\cehomepage@mozillaonline.com&quot;,&quot;mtime&quot;:1402643938101,&quot;rdfTime&quot;:1399438880000},&quot;cemigration@mozillaonline.com&quot;:{&quot;descriptor&quot;:&quot;C:\\Users\\ZengYang\\AppData\\Local\\Temp\\anonymous1707486183708096046webdriver-profile\\extensions\\cemigration@mozillaonline.com.xpi&quot;,&quot;mtime&quot;:1402643938109},&quot;coba@mozilla.com.cn&quot;:{&quot;descriptor&quot;:&quot;C:\\Users\\ZengYang\\AppData\\Local\\Temp\\anonymous1707486183708096046webdriver-profile\\extensions\\coba@mozilla.com.cn&quot;,&quot;mtime&quot;:1402643938181,&quot;rdfTime&quot;:1398316468000},&quot;commonfix@mozillaonline.com&quot;:{&quot;descriptor&quot;:&quot;C:\\Users\\ZengYang\\AppData\\Local\\Temp\\anonymous1707486183708096046webdriver-profile\\extensions\\commonfix@mozillaonline.com.xpi&quot;,&quot;mtime&quot;:1402643938189},&quot;cpmanager@mozillaonline.com&quot;:{&quot;descriptor&quot;:&quot;C:\\Users\\ZengYang\\AppData\\Local\\Temp\\anonymous1707486183708096046webdriver-profile\\extensions\\cpmanager@mozillaonline.com&quot;,&quot;mtime&quot;:1402643938426,&quot;rdfTime&quot;:1398321802000},&quot;easyscreenshot@mozillaonline.com&quot;:{&quot;descriptor&quot;:&quot;C:\\Users\\ZengYang\\AppData\\Local\\Temp\\anonymous1707486183708096046webdriver-profile\\extensions\\easyscreenshot@mozillaonline.com.xpi&quot;,&quot;mtime&quot;:1402643938433},&quot;fxdriver@googlecode.com&quot;:{&quot;descriptor&quot;:&quot;C:\\Users\\ZengYang\\AppData\\Local\\Temp\\anonymous1707486183708096046webdriver-profile\\extensions\\fxdriver@googlecode.com&quot;,&quot;mtime&quot;:1402643937539,&quot;rdfTime&quot;:1402643937508},&quot;semodifier@mozillaonline.com&quot;:{&quot;descriptor&quot;:&quot;C:\\Users\\ZengYang\\AppData\\Local\\Temp\\anonymous1707486183708096046webdriver-profile\\extensions\\semodifier@mozillaonline.com.xpi&quot;,&quot;mtime&quot;:1402643938438},&quot;tabimprovelite@mozillaonline.com&quot;:{&quot;descriptor&quot;:&quot;C:\\Users\\ZengYang\\AppData\\Local\\Temp\\anonymous1707486183708096046webdriver-profile\\extensions\\tabimprovelite@mozillaonline.com.xpi&quot;,&quot;mtime&quot;:1402643938445},&quot;wx-assistant@mozillaonline.com&quot;:{&quot;descriptor&quot;:&quot;C:\\Users\\ZengYang\\AppData\\Local\\Temp\\anonymous1707486183708096046webdriver-profile\\extensions\\wx-assistant@mozillaonline.com.xpi&quot;,&quot;mtime&quot;:1402643938451}}}]
*** LOG addons.xpi-utils: Opening XPI database C:\Users\ZengYang\AppData\Local\Temp\anonymous1707486183708096046webdriver-profile\extensions.json
*** LOG addons.xpi-utils: Successfully read XPI database
*** LOG addons.xpi: No changes found
*** Blocklist::_loadBlocklistFromFile: blocklist is disabled
************************************************************
* Call to xpconnect wrapped JSObject produced this error:  *
[Exception... &quot;Component returned failure code: 0x80004005 (NS_ERROR_FAILURE) [nsIIdleService.removeIdleObserver]&quot;  nsresult: &quot;0x80004005 (NS_ERROR_FAILURE)&quot;  location: &quot;JS frame :: resource://app/components/nsBrowserGlue.js :: BG__onPlacesShutdown :: line 1222&quot;  data: no]
************************************************************
************************************************************
* Call to xpconnect wrapped JSObject produced this error:  *
[Exception... &quot;Component returned failure code: 0x80004005 (NS_ERROR_FAILURE) [nsIIdleService.removeIdleObserver]&quot;  nsresult: &quot;0x80004005 (NS_ERROR_FAILURE)&quot;  location: &quot;JS frame :: resource://app/components/nsBrowserGlue.js :: BG__dispose :: line 418&quot;  data: no]
************************************************************
*** LOG addons.manager: shutdown
*** LOG addons.xpi: shutdown
*** LOG addons.xpi-utils: shutdown
*** LOG addons.xpi: Notifying XPI shutdown observers
*** LOG addons.manager: Async provider shutdown done

Build info: version: &apos;2.41.0&apos;, revision: &apos;3192d8a&apos;, time: &apos;2014-03-27 17:17:32&apos;
System info: host: &apos;Zeng&apos;, ip: &apos;221.239.197.2&apos;, os.name: &apos;Windows 8&apos;, os.arch: &apos;amd64&apos;, os.version: &apos;6.2&apos;, java.version: &apos;1.7.0_45&apos;
Driver info: driver.version: FirefoxDriver
	at org.openqa.selenium.firefox.internal.NewProfileExtensionConnection.start(NewProfileExtensionConnection.java:130)
	at org.openqa.selenium.firefox.FirefoxDriver.startClient(FirefoxDriver.java:246)
	at org.openqa.selenium.remote.RemoteWebDriver.&lt;init&gt;(RemoteWebDriver.java:114)
	at org.openqa.selenium.firefox.FirefoxDriver.&lt;init&gt;(FirefoxDriver.java:193)
	at org.openqa.selenium.firefox.FirefoxDriver.&lt;init&gt;(FirefoxDriver.java:186)
	at org.openqa.selenium.firefox.FirefoxDriver.&lt;init&gt;(FirefoxDriver.java:182)
	at org.openqa.selenium.firefox.FirefoxDriver.&lt;init&gt;(FirefoxDriver.java:95)
	at test_utils.WebDriverFactory.getFirefoxDriver(WebDriverFactory.java:39)
	at selenium_Test.RegisterTest.setUp(RegisterTest.java:37)
Caused by: org.openqa.selenium.firefox.NotConnectedException: Unable to connect to host 127.0.0.1 on port 7055 after 45000 ms. Firefox console output:
@fiddler2.com&quot;:{&quot;descriptor&quot;:&quot;D:\\Fiddler2\\FiddlerHook&quot;,&quot;mtime&quot;:1395516244381,&quot;rdfTime&quot;:1391542948000}}},{&quot;name&quot;:&quot;app-global&quot;,&quot;addons&quot;:{&quot;{972ce4c6-7e08-4474-a285-3208198ce6fd}&quot;:{&quot;descriptor&quot;:&quot;D:\\firefox\\browser\\extensions\\{972ce4c6-7e08-4474-a285-3208198ce6fd}&quot;,&quot;mtime&quot;:1400239359511,&quot;rdfTime&quot;:1399421153000}}},{&quot;name&quot;:&quot;app-profile&quot;,&quot;addons&quot;:{&quot;account@mozillaonline.com&quot;:{&quot;descriptor&quot;:&quot;C:\\Users\\ZengYang\\AppData\\Local\\Temp\\anonymous1707486183708096046webdriver-profile\\extensions\\account@mozillaonline.com.xpi&quot;,&quot;mtime&quot;:1402643937996},&quot;cehomepage@mozillaonline.com&quot;:{&quot;descriptor&quot;:&quot;C:\\Users\\ZengYang\\AppData\\Local\\Temp\\anonymous1707486183708096046webdriver-profile\\extensions\\cehomepage@mozillaonline.com&quot;,&quot;mtime&quot;:1402643938101,&quot;rdfTime&quot;:1399438880000},&quot;cemigration@mozillaonline.com&quot;:{&quot;descriptor&quot;:&quot;C:\\Users\\ZengYang\\AppData\\Local\\Temp\\anonymous1707486183708096046webdriver-profile\\extensions\\cemigration@mozillaonline.com.xpi&quot;,&quot;mtime&quot;:1402643938109},&quot;coba@mozilla.com.cn&quot;:{&quot;descriptor&quot;:&quot;C:\\Users\\ZengYang\\AppData\\Local\\Temp\\anonymous1707486183708096046webdriver-profile\\extensions\\coba@mozilla.com.cn&quot;,&quot;mtime&quot;:1402643938181,&quot;rdfTime&quot;:1398316468000},&quot;commonfix@mozillaonline.com&quot;:{&quot;descriptor&quot;:&quot;C:\\Users\\ZengYang\\AppData\\Local\\Temp\\anonymous1707486183708096046webdriver-profile\\extensions\\commonfix@mozillaonline.com.xpi&quot;,&quot;mtime&quot;:1402643938189},&quot;cpmanager@mozillaonline.com&quot;:{&quot;descriptor&quot;:&quot;C:\\Users\\ZengYang\\AppData\\Local\\Temp\\anonymous1707486183708096046webdriver-profile\\extensions\\cpmanager@mozillaonline.com&quot;,&quot;mtime&quot;:1402643938426,&quot;rdfTime&quot;:1398321802000},&quot;easyscreenshot@mozillaonline.com&quot;:{&quot;descriptor&quot;:&quot;C:\\Users\\ZengYang\\AppData\\Local\\Temp\\anonymous1707486183708096046webdriver-profile\\extensions\\easyscreenshot@mozillaonline.com.xpi&quot;,&quot;mtime&quot;:1402643938433},&quot;fxdriver@googlecode.com&quot;:{&quot;descriptor&quot;:&quot;C:\\Users\\ZengYang\\AppData\\Local\\Temp\\anonymous1707486183708096046webdriver-profile\\extensions\\fxdriver@googlecode.com&quot;,&quot;mtime&quot;:1402643937539,&quot;rdfTime&quot;:1402643937508},&quot;semodifier@mozillaonline.com&quot;:{&quot;descriptor&quot;:&quot;C:\\Users\\ZengYang\\AppData\\Local\\Temp\\anonymous1707486183708096046webdriver-profile\\extensions\\semodifier@mozillaonline.com.xpi&quot;,&quot;mtime&quot;:1402643938438},&quot;tabimprovelite@mozillaonline.com&quot;:{&quot;descriptor&quot;:&quot;C:\\Users\\ZengYang\\AppData\\Local\\Temp\\anonymous1707486183708096046webdriver-profile\\extensions\\tabimprovelite@mozillaonline.com.xpi&quot;,&quot;mtime&quot;:1402643938445},&quot;wx-assistant@mozillaonline.com&quot;:{&quot;descriptor&quot;:&quot;C:\\Users\\ZengYang\\AppData\\Local\\Temp\\anonymous1707486183708096046webdriver-profile\\extensions\\wx-assistant@mozillaonline.com.xpi&quot;,&quot;mtime&quot;:1402643938451}}}]
*** LOG addons.xpi-utils: Opening XPI database C:\Users\ZengYang\AppData\Local\Temp\anonymous1707486183708096046webdriver-profile\extensions.json
*** LOG addons.xpi-utils: Successfully read XPI database
*** LOG addons.xpi: No changes found
*** Blocklist::_loadBlocklistFromFile: blocklist is disabled
************************************************************
* Call to xpconnect wrapped JSObject produced this error:  *
[Exception... &quot;Component returned failure code: 0x80004005 (NS_ERROR_FAILURE) [nsIIdleService.removeIdleObserver]&quot;  nsresult: &quot;0x80004005 (NS_ERROR_FAILURE)&quot;  location: &quot;JS frame :: resource://app/components/nsBrowserGlue.js :: BG__onPlacesShutdown :: line 1222&quot;  data: no]
************************************************************
************************************************************
* Call to xpconnect wrapped JSObject produced this error:  *
[Exception... &quot;Component returned failure code: 0x80004005 (NS_ERROR_FAILURE) [nsIIdleService.removeIdleObserver]&quot;  nsresult: &quot;0x80004005 (NS_ERROR_FAILURE)&quot;  location: &quot;JS frame :: resource://app/components/nsBrowserGlue.js :: BG__dispose :: line 418&quot;  data: no]
************************************************************
*** LOG addons.manager: shutdown
*** LOG addons.xpi: shutdown
*** LOG addons.xpi-utils: shutdown
*** LOG addons.xpi: Notifying XPI shutdown observers
*** LOG addons.manager: Async provider shutdown done

	at org.openqa.selenium.firefox.internal.NewProfileExtensionConnection.start(NewProfileExtensionConnection.java:118)
	... 34 more
... Removed 26 stack frames</pre></div><a href='#' onClick='toggleBox("stack-trace1649438992", this, "Click to show all stack frames", "Click to hide stack frames")'>Click to show all stack frames</a>
<div class='stack-trace' id='stack-trace1649438992'><pre>org.openqa.selenium.WebDriverException: Failed to connect to binary FirefoxBinary(D:\firefox\firefox.exe) on port 7055; process output follows: 
@fiddler2.com&quot;:{&quot;descriptor&quot;:&quot;D:\\Fiddler2\\FiddlerHook&quot;,&quot;mtime&quot;:1395516244381,&quot;rdfTime&quot;:1391542948000}}},{&quot;name&quot;:&quot;app-global&quot;,&quot;addons&quot;:{&quot;{972ce4c6-7e08-4474-a285-3208198ce6fd}&quot;:{&quot;descriptor&quot;:&quot;D:\\firefox\\browser\\extensions\\{972ce4c6-7e08-4474-a285-3208198ce6fd}&quot;,&quot;mtime&quot;:1400239359511,&quot;rdfTime&quot;:1399421153000}}},{&quot;name&quot;:&quot;app-profile&quot;,&quot;addons&quot;:{&quot;account@mozillaonline.com&quot;:{&quot;descriptor&quot;:&quot;C:\\Users\\ZengYang\\AppData\\Local\\Temp\\anonymous1707486183708096046webdriver-profile\\extensions\\account@mozillaonline.com.xpi&quot;,&quot;mtime&quot;:1402643937996},&quot;cehomepage@mozillaonline.com&quot;:{&quot;descriptor&quot;:&quot;C:\\Users\\ZengYang\\AppData\\Local\\Temp\\anonymous1707486183708096046webdriver-profile\\extensions\\cehomepage@mozillaonline.com&quot;,&quot;mtime&quot;:1402643938101,&quot;rdfTime&quot;:1399438880000},&quot;cemigration@mozillaonline.com&quot;:{&quot;descriptor&quot;:&quot;C:\\Users\\ZengYang\\AppData\\Local\\Temp\\anonymous1707486183708096046webdriver-profile\\extensions\\cemigration@mozillaonline.com.xpi&quot;,&quot;mtime&quot;:1402643938109},&quot;coba@mozilla.com.cn&quot;:{&quot;descriptor&quot;:&quot;C:\\Users\\ZengYang\\AppData\\Local\\Temp\\anonymous1707486183708096046webdriver-profile\\extensions\\coba@mozilla.com.cn&quot;,&quot;mtime&quot;:1402643938181,&quot;rdfTime&quot;:1398316468000},&quot;commonfix@mozillaonline.com&quot;:{&quot;descriptor&quot;:&quot;C:\\Users\\ZengYang\\AppData\\Local\\Temp\\anonymous1707486183708096046webdriver-profile\\extensions\\commonfix@mozillaonline.com.xpi&quot;,&quot;mtime&quot;:1402643938189},&quot;cpmanager@mozillaonline.com&quot;:{&quot;descriptor&quot;:&quot;C:\\Users\\ZengYang\\AppData\\Local\\Temp\\anonymous1707486183708096046webdriver-profile\\extensions\\cpmanager@mozillaonline.com&quot;,&quot;mtime&quot;:1402643938426,&quot;rdfTime&quot;:1398321802000},&quot;easyscreenshot@mozillaonline.com&quot;:{&quot;descriptor&quot;:&quot;C:\\Users\\ZengYang\\AppData\\Local\\Temp\\anonymous1707486183708096046webdriver-profile\\extensions\\easyscreenshot@mozillaonline.com.xpi&quot;,&quot;mtime&quot;:1402643938433},&quot;fxdriver@googlecode.com&quot;:{&quot;descriptor&quot;:&quot;C:\\Users\\ZengYang\\AppData\\Local\\Temp\\anonymous1707486183708096046webdriver-profile\\extensions\\fxdriver@googlecode.com&quot;,&quot;mtime&quot;:1402643937539,&quot;rdfTime&quot;:1402643937508},&quot;semodifier@mozillaonline.com&quot;:{&quot;descriptor&quot;:&quot;C:\\Users\\ZengYang\\AppData\\Local\\Temp\\anonymous1707486183708096046webdriver-profile\\extensions\\semodifier@mozillaonline.com.xpi&quot;,&quot;mtime&quot;:1402643938438},&quot;tabimprovelite@mozillaonline.com&quot;:{&quot;descriptor&quot;:&quot;C:\\Users\\ZengYang\\AppData\\Local\\Temp\\anonymous1707486183708096046webdriver-profile\\extensions\\tabimprovelite@mozillaonline.com.xpi&quot;,&quot;mtime&quot;:1402643938445},&quot;wx-assistant@mozillaonline.com&quot;:{&quot;descriptor&quot;:&quot;C:\\Users\\ZengYang\\AppData\\Local\\Temp\\anonymous1707486183708096046webdriver-profile\\extensions\\wx-assistant@mozillaonline.com.xpi&quot;,&quot;mtime&quot;:1402643938451}}}]
*** LOG addons.xpi-utils: Opening XPI database C:\Users\ZengYang\AppData\Local\Temp\anonymous1707486183708096046webdriver-profile\extensions.json
*** LOG addons.xpi-utils: Successfully read XPI database
*** LOG addons.xpi: No changes found
*** Blocklist::_loadBlocklistFromFile: blocklist is disabled
************************************************************
* Call to xpconnect wrapped JSObject produced this error:  *
[Exception... &quot;Component returned failure code: 0x80004005 (NS_ERROR_FAILURE) [nsIIdleService.removeIdleObserver]&quot;  nsresult: &quot;0x80004005 (NS_ERROR_FAILURE)&quot;  location: &quot;JS frame :: resource://app/components/nsBrowserGlue.js :: BG__onPlacesShutdown :: line 1222&quot;  data: no]
************************************************************
************************************************************
* Call to xpconnect wrapped JSObject produced this error:  *
[Exception... &quot;Component returned failure code: 0x80004005 (NS_ERROR_FAILURE) [nsIIdleService.removeIdleObserver]&quot;  nsresult: &quot;0x80004005 (NS_ERROR_FAILURE)&quot;  location: &quot;JS frame :: resource://app/components/nsBrowserGlue.js :: BG__dispose :: line 418&quot;  data: no]
************************************************************
*** LOG addons.manager: shutdown
*** LOG addons.xpi: shutdown
*** LOG addons.xpi-utils: shutdown
*** LOG addons.xpi: Notifying XPI shutdown observers
*** LOG addons.manager: Async provider shutdown done

Build info: version: &apos;2.41.0&apos;, revision: &apos;3192d8a&apos;, time: &apos;2014-03-27 17:17:32&apos;
System info: host: &apos;Zeng&apos;, ip: &apos;221.239.197.2&apos;, os.name: &apos;Windows 8&apos;, os.arch: &apos;amd64&apos;, os.version: &apos;6.2&apos;, java.version: &apos;1.7.0_45&apos;
Driver info: driver.version: FirefoxDriver
	at org.openqa.selenium.firefox.internal.NewProfileExtensionConnection.start(NewProfileExtensionConnection.java:130)
	at org.openqa.selenium.firefox.FirefoxDriver.startClient(FirefoxDriver.java:246)
	at org.openqa.selenium.remote.RemoteWebDriver.&lt;init&gt;(RemoteWebDriver.java:114)
	at org.openqa.selenium.firefox.FirefoxDriver.&lt;init&gt;(FirefoxDriver.java:193)
	at org.openqa.selenium.firefox.FirefoxDriver.&lt;init&gt;(FirefoxDriver.java:186)
	at org.openqa.selenium.firefox.FirefoxDriver.&lt;init&gt;(FirefoxDriver.java:182)
	at org.openqa.selenium.firefox.FirefoxDriver.&lt;init&gt;(FirefoxDriver.java:95)
	at test_utils.WebDriverFactory.getFirefoxDriver(WebDriverFactory.java:39)
	at selenium_Test.RegisterTest.setUp(RegisterTest.java:37)
	at sun.reflect.NativeMethodAccessorImpl.invoke0(Native Method)
	at sun.reflect.NativeMethodAccessorImpl.invoke(Unknown Source)
	at sun.reflect.DelegatingMethodAccessorImpl.invoke(Unknown Source)
	at java.lang.reflect.Method.invoke(Unknown Source)
	at org.testng.internal.MethodInvocationHelper.invokeMethod(MethodInvocationHelper.java:84)
	at org.testng.internal.Invoker.invokeConfigurationMethod(Invoker.java:564)
	at org.testng.internal.Invoker.invokeConfigurations(Invoker.java:213)
	at org.testng.internal.Invoker.invokeMethod(Invoker.java:653)
	at org.testng.internal.Invoker.invokeTestMethod(Invoker.java:901)
	at org.testng.internal.Invoker.invokeTestMethods(Invoker.java:1231)
	at org.testng.internal.TestMethodWorker.invokeTestMethods(TestMethodWorker.java:127)
	at org.testng.internal.TestMethodWorker.run(TestMethodWorker.java:111)
	at org.testng.TestRunner.privateRun(TestRunner.java:767)
	at org.testng.TestRunner.run(TestRunner.java:617)
	at org.testng.SuiteRunner.runTest(SuiteRunner.java:334)
	at org.testng.SuiteRunner.runSequentially(SuiteRunner.java:329)
	at org.testng.SuiteRunner.privateRun(SuiteRunner.java:291)
	at org.testng.SuiteRunner.run(SuiteRunner.java:240)
	at org.testng.SuiteRunnerWorker.runSuite(SuiteRunnerWorker.java:52)
	at org.testng.SuiteRunnerWorker.run(SuiteRunnerWorker.java:86)
	at org.testng.TestNG.runSuitesSequentially(TestNG.java:1224)
	at org.testng.TestNG.runSuitesLocally(TestNG.java:1149)
	at org.testng.TestNG.run(TestNG.java:1057)
	at org.testng.remote.RemoteTestNG.run(RemoteTestNG.java:111)
	at org.testng.remote.RemoteTestNG.initAndRun(RemoteTestNG.java:204)
	at org.testng.remote.RemoteTestNG.main(RemoteTestNG.java:175)
Caused by: org.openqa.selenium.firefox.NotConnectedException: Unable to connect to host 127.0.0.1 on port 7055 after 45000 ms. Firefox console output:
@fiddler2.com&quot;:{&quot;descriptor&quot;:&quot;D:\\Fiddler2\\FiddlerHook&quot;,&quot;mtime&quot;:1395516244381,&quot;rdfTime&quot;:1391542948000}}},{&quot;name&quot;:&quot;app-global&quot;,&quot;addons&quot;:{&quot;{972ce4c6-7e08-4474-a285-3208198ce6fd}&quot;:{&quot;descriptor&quot;:&quot;D:\\firefox\\browser\\extensions\\{972ce4c6-7e08-4474-a285-3208198ce6fd}&quot;,&quot;mtime&quot;:1400239359511,&quot;rdfTime&quot;:1399421153000}}},{&quot;name&quot;:&quot;app-profile&quot;,&quot;addons&quot;:{&quot;account@mozillaonline.com&quot;:{&quot;descriptor&quot;:&quot;C:\\Users\\ZengYang\\AppData\\Local\\Temp\\anonymous1707486183708096046webdriver-profile\\extensions\\account@mozillaonline.com.xpi&quot;,&quot;mtime&quot;:1402643937996},&quot;cehomepage@mozillaonline.com&quot;:{&quot;descriptor&quot;:&quot;C:\\Users\\ZengYang\\AppData\\Local\\Temp\\anonymous1707486183708096046webdriver-profile\\extensions\\cehomepage@mozillaonline.com&quot;,&quot;mtime&quot;:1402643938101,&quot;rdfTime&quot;:1399438880000},&quot;cemigration@mozillaonline.com&quot;:{&quot;descriptor&quot;:&quot;C:\\Users\\ZengYang\\AppData\\Local\\Temp\\anonymous1707486183708096046webdriver-profile\\extensions\\cemigration@mozillaonline.com.xpi&quot;,&quot;mtime&quot;:1402643938109},&quot;coba@mozilla.com.cn&quot;:{&quot;descriptor&quot;:&quot;C:\\Users\\ZengYang\\AppData\\Local\\Temp\\anonymous1707486183708096046webdriver-profile\\extensions\\coba@mozilla.com.cn&quot;,&quot;mtime&quot;:1402643938181,&quot;rdfTime&quot;:1398316468000},&quot;commonfix@mozillaonline.com&quot;:{&quot;descriptor&quot;:&quot;C:\\Users\\ZengYang\\AppData\\Local\\Temp\\anonymous1707486183708096046webdriver-profile\\extensions\\commonfix@mozillaonline.com.xpi&quot;,&quot;mtime&quot;:1402643938189},&quot;cpmanager@mozillaonline.com&quot;:{&quot;descriptor&quot;:&quot;C:\\Users\\ZengYang\\AppData\\Local\\Temp\\anonymous1707486183708096046webdriver-profile\\extensions\\cpmanager@mozillaonline.com&quot;,&quot;mtime&quot;:1402643938426,&quot;rdfTime&quot;:1398321802000},&quot;easyscreenshot@mozillaonline.com&quot;:{&quot;descriptor&quot;:&quot;C:\\Users\\ZengYang\\AppData\\Local\\Temp\\anonymous1707486183708096046webdriver-profile\\extensions\\easyscreenshot@mozillaonline.com.xpi&quot;,&quot;mtime&quot;:1402643938433},&quot;fxdriver@googlecode.com&quot;:{&quot;descriptor&quot;:&quot;C:\\Users\\ZengYang\\AppData\\Local\\Temp\\anonymous1707486183708096046webdriver-profile\\extensions\\fxdriver@googlecode.com&quot;,&quot;mtime&quot;:1402643937539,&quot;rdfTime&quot;:1402643937508},&quot;semodifier@mozillaonline.com&quot;:{&quot;descriptor&quot;:&quot;C:\\Users\\ZengYang\\AppData\\Local\\Temp\\anonymous1707486183708096046webdriver-profile\\extensions\\semodifier@mozillaonline.com.xpi&quot;,&quot;mtime&quot;:1402643938438},&quot;tabimprovelite@mozillaonline.com&quot;:{&quot;descriptor&quot;:&quot;C:\\Users\\ZengYang\\AppData\\Local\\Temp\\anonymous1707486183708096046webdriver-profile\\extensions\\tabimprovelite@mozillaonline.com.xpi&quot;,&quot;mtime&quot;:1402643938445},&quot;wx-assistant@mozillaonline.com&quot;:{&quot;descriptor&quot;:&quot;C:\\Users\\ZengYang\\AppData\\Local\\Temp\\anonymous1707486183708096046webdriver-profile\\extensions\\wx-assistant@mozillaonline.com.xpi&quot;,&quot;mtime&quot;:1402643938451}}}]
*** LOG addons.xpi-utils: Opening XPI database C:\Users\ZengYang\AppData\Local\Temp\anonymous1707486183708096046webdriver-profile\extensions.json
*** LOG addons.xpi-utils: Successfully read XPI database
*** LOG addons.xpi: No changes found
*** Blocklist::_loadBlocklistFromFile: blocklist is disabled
************************************************************
* Call to xpconnect wrapped JSObject produced this error:  *
[Exception... &quot;Component returned failure code: 0x80004005 (NS_ERROR_FAILURE) [nsIIdleService.removeIdleObserver]&quot;  nsresult: &quot;0x80004005 (NS_ERROR_FAILURE)&quot;  location: &quot;JS frame :: resource://app/components/nsBrowserGlue.js :: BG__onPlacesShutdown :: line 1222&quot;  data: no]
************************************************************
************************************************************
* Call to xpconnect wrapped JSObject produced this error:  *
[Exception... &quot;Component returned failure code: 0x80004005 (NS_ERROR_FAILURE) [nsIIdleService.removeIdleObserver]&quot;  nsresult: &quot;0x80004005 (NS_ERROR_FAILURE)&quot;  location: &quot;JS frame :: resource://app/components/nsBrowserGlue.js :: BG__dispose :: line 418&quot;  data: no]
************************************************************
*** LOG addons.manager: shutdown
*** LOG addons.xpi: shutdown
*** LOG addons.xpi-utils: shutdown
*** LOG addons.xpi: Notifying XPI shutdown observers
*** LOG addons.manager: Async provider shutdown done

	at org.openqa.selenium.firefox.internal.NewProfileExtensionConnection.start(NewProfileExtensionConnection.java:118)
	... 34 more
</pre></div></td>
<td>0</td>
<td>selenium_Test.RegisterTest@56b21710</td></tr>
</table><p>
<table width='100%' border='1' class='invocation-skipped'>
<tr><td colspan='4' align='center'><b>SKIPPED CONFIGURATIONS</b></td></tr>
<tr><td><b>Test method</b></td>
<td width="30%"><b>Exception</b></td>
<td width="10%"><b>Time (seconds)</b></td>
<td><b>Instance</b></td>
</tr>
<tr>
<td title='selenium_Test.RegisterTest.setUp()'><b>setUp</b><br>Test class: selenium_Test.RegisterTest</td>
<td></td>
<td>0</td>
<td>selenium_Test.RegisterTest@56b21710</td></tr>
<tr>
<td title='selenium_Test.RegisterTest.setUp()'><b>setUp</b><br>Test class: selenium_Test.RegisterTest</td>
<td></td>
<td>0</td>
<td>selenium_Test.RegisterTest@56b21710</td></tr>
<tr>
<td title='selenium_Test.RegisterTest.setUp()'><b>setUp</b><br>Test class: selenium_Test.RegisterTest</td>
<td></td>
<td>0</td>
<td>selenium_Test.RegisterTest@56b21710</td></tr>
<tr>
<td title='selenium_Test.RegisterTest.setUp()'><b>setUp</b><br>Test class: selenium_Test.RegisterTest</td>
<td></td>
<td>0</td>
<td>selenium_Test.RegisterTest@56b21710</td></tr>
<tr>
<td title='selenium_Test.RegisterTest.setUp()'><b>setUp</b><br>Test class: selenium_Test.RegisterTest</td>
<td></td>
<td>0</td>
<td>selenium_Test.RegisterTest@56b21710</td></tr>
<tr>
<td title='selenium_Test.RegisterTest.setUp()'><b>setUp</b><br>Test class: selenium_Test.RegisterTest</td>
<td></td>
<td>0</td>
<td>selenium_Test.RegisterTest@56b21710</td></tr>
<tr>
<td title='selenium_Test.RegisterTest.setUp()'><b>setUp</b><br>Test class: selenium_Test.RegisterTest</td>
<td></td>
<td>0</td>
<td>selenium_Test.RegisterTest@56b21710</td></tr>
<tr>
<td title='selenium_Test.RegisterTest.setUp()'><b>setUp</b><br>Test class: selenium_Test.RegisterTest</td>
<td></td>
<td>0</td>
<td>selenium_Test.RegisterTest@56b21710</td></tr>
<tr>
<td title='selenium_Test.RegisterTest.setUp()'><b>setUp</b><br>Test class: selenium_Test.RegisterTest</td>
<td></td>
<td>0</td>
<td>selenium_Test.RegisterTest@56b21710</td></tr>
<tr>
<td title='selenium_Test.RegisterTest.setUp()'><b>setUp</b><br>Test class: selenium_Test.RegisterTest</td>
<td></td>
<td>0</td>
<td>selenium_Test.RegisterTest@56b21710</td></tr>
<tr>
<td title='selenium_Test.RegisterTest.tearDown()'><b>tearDown</b><br>Test class: selenium_Test.RegisterTest</td>
<td></td>
<td>0</td>
<td>selenium_Test.RegisterTest@56b21710</td></tr>
<tr>
<td title='selenium_Test.RegisterTest.tearDown()'><b>tearDown</b><br>Test class: selenium_Test.RegisterTest</td>
<td></td>
<td>0</td>
<td>selenium_Test.RegisterTest@56b21710</td></tr>
<tr>
<td title='selenium_Test.RegisterTest.tearDown()'><b>tearDown</b><br>Test class: selenium_Test.RegisterTest</td>
<td></td>
<td>0</td>
<td>selenium_Test.RegisterTest@56b21710</td></tr>
<tr>
<td title='selenium_Test.RegisterTest.tearDown()'><b>tearDown</b><br>Test class: selenium_Test.RegisterTest</td>
<td></td>
<td>0</td>
<td>selenium_Test.RegisterTest@56b21710</td></tr>
<tr>
<td title='selenium_Test.RegisterTest.tearDown()'><b>tearDown</b><br>Test class: selenium_Test.RegisterTest</td>
<td></td>
<td>0</td>
<td>selenium_Test.RegisterTest@56b21710</td></tr>
<tr>
<td title='selenium_Test.RegisterTest.tearDown()'><b>tearDown</b><br>Test class: selenium_Test.RegisterTest</td>
<td></td>
<td>0</td>
<td>selenium_Test.RegisterTest@56b21710</td></tr>
<tr>
<td title='selenium_Test.RegisterTest.tearDown()'><b>tearDown</b><br>Test class: selenium_Test.RegisterTest</td>
<td></td>
<td>0</td>
<td>selenium_Test.RegisterTest@56b21710</td></tr>
<tr>
<td title='selenium_Test.RegisterTest.tearDown()'><b>tearDown</b><br>Test class: selenium_Test.RegisterTest</td>
<td></td>
<td>0</td>
<td>selenium_Test.RegisterTest@56b21710</td></tr>
<tr>
<td title='selenium_Test.RegisterTest.tearDown()'><b>tearDown</b><br>Test class: selenium_Test.RegisterTest</td>
<td></td>
<td>0</td>
<td>selenium_Test.RegisterTest@56b21710</td></tr>
<tr>
<td title='selenium_Test.RegisterTest.tearDown()'><b>tearDown</b><br>Test class: selenium_Test.RegisterTest</td>
<td></td>
<td>0</td>
<td>selenium_Test.RegisterTest@56b21710</td></tr>
<tr>
<td title='selenium_Test.RegisterTest.tearDown()'><b>tearDown</b><br>Test class: selenium_Test.RegisterTest</td>
<td></td>
<td>0</td>
<td>selenium_Test.RegisterTest@56b21710</td></tr>
</table><p>
<table width='100%' border='1' class='invocation-failed'>
<tr><td colspan='4' align='center'><b>FAILED TESTS</b></td></tr>
<tr><td><b>Test method</b></td>
<td width="30%"><b>Exception</b></td>
<td width="10%"><b>Time (seconds)</b></td>
<td><b>Instance</b></td>
</tr>
<tr>
<td title='selenium_Test.RegisterTest.test1()'><b>test1</b><br>Test class: selenium_Test.RegisterTest<br>Parameters: testname, 123@qq.com, 123123, 123123, testname, , , , t</td>
<td><div><pre>org.openqa.selenium.NoSuchElementException: Unable to locate element: {&quot;method&quot;:&quot;id&quot;,&quot;selector&quot;:&quot;mynickname&quot;}
Command duration or timeout: 30.07 seconds
For documentation on this error, please visit: http://seleniumhq.org/exceptions/no_such_element.html
Build info: version: &apos;2.41.0&apos;, revision: &apos;3192d8a&apos;, time: &apos;2014-03-27 17:17:32&apos;
System info: host: &apos;Zeng&apos;, ip: &apos;221.239.197.2&apos;, os.name: &apos;Windows 8&apos;, os.arch: &apos;amd64&apos;, os.version: &apos;6.2&apos;, java.version: &apos;1.7.0_45&apos;
Session ID: 6868aa17-cc8f-4b5f-a0e3-4b359f9c8dec
Driver info: org.openqa.selenium.firefox.FirefoxDriver
Capabilities [{platform=XP, acceptSslCerts=true, javascriptEnabled=true, cssSelectorsEnabled=true, databaseEnabled=true, browserName=firefox, handlesAlerts=true, browserConnectionEnabled=true, webStorageEnabled=true, nativeEvents=false, rotatable=false, locationContextEnabled=true, applicationCacheEnabled=true, takesScreenshot=true, version=29.0.1}]
	at org.openqa.selenium.remote.ErrorHandler.createThrowable(ErrorHandler.java:193)
	at org.openqa.selenium.remote.ErrorHandler.throwIfResponseFailed(ErrorHandler.java:145)
	at org.openqa.selenium.remote.RemoteWebDriver.execute(RemoteWebDriver.java:595)
	at org.openqa.selenium.remote.RemoteWebDriver.findElement(RemoteWebDriver.java:348)
	at org.openqa.selenium.remote.RemoteWebDriver.findElementById(RemoteWebDriver.java:389)
	at org.openqa.selenium.By$ById.findElement(By.java:214)
	at org.openqa.selenium.remote.RemoteWebDriver.findElement(RemoteWebDriver.java:340)
	at test_utils.AutoObjectFactory.fetchWebElement(AutoObjectFactory.java:68)
	at selenium_Test.RegisterTest.test1(RegisterTest.java:77)
Caused by: org.openqa.selenium.remote.ErrorHandler$UnknownServerException: Unable to locate element: {&quot;method&quot;:&quot;id&quot;,&quot;selector&quot;:&quot;mynickname&quot;}
Build info: version: &apos;2.41.0&apos;, revision: &apos;3192d8a&apos;, time: &apos;2014-03-27 17:17:32&apos;
System info: host: &apos;Zeng&apos;, ip: &apos;221.239.197.2&apos;, os.name: &apos;Windows 8&apos;, os.arch: &apos;amd64&apos;, os.version: &apos;6.2&apos;, java.version: &apos;1.7.0_45&apos;
Driver info: driver.version: unknown
	at &lt;anonymous class&gt;.FirefoxDriver.prototype.findElementInternal_(file:///C:/Users/ZengYang/AppData/Local/Temp/anonymous6192788485877923537webdriver-profile/extensions/fxdriver@googlecode.com/components/driver_component.js:8905)
	at &lt;anonymous class&gt;.fxdriver.Timer.prototype.setTimeout/&lt;.notify(file:///C:/Users/ZengYang/AppData/Local/Temp/anonymous6192788485877923537webdriver-profile/extensions/fxdriver@googlecode.com/components/driver_component.js:396)
... Removed 28 stack frames</pre></div><a href='#' onClick='toggleBox("stack-trace1652358103", this, "Click to show all stack frames", "Click to hide stack frames")'>Click to show all stack frames</a>
<div class='stack-trace' id='stack-trace1652358103'><pre>org.openqa.selenium.NoSuchElementException: Unable to locate element: {&quot;method&quot;:&quot;id&quot;,&quot;selector&quot;:&quot;mynickname&quot;}
Command duration or timeout: 30.07 seconds
For documentation on this error, please visit: http://seleniumhq.org/exceptions/no_such_element.html
Build info: version: &apos;2.41.0&apos;, revision: &apos;3192d8a&apos;, time: &apos;2014-03-27 17:17:32&apos;
System info: host: &apos;Zeng&apos;, ip: &apos;221.239.197.2&apos;, os.name: &apos;Windows 8&apos;, os.arch: &apos;amd64&apos;, os.version: &apos;6.2&apos;, java.version: &apos;1.7.0_45&apos;
Session ID: 6868aa17-cc8f-4b5f-a0e3-4b359f9c8dec
Driver info: org.openqa.selenium.firefox.FirefoxDriver
Capabilities [{platform=XP, acceptSslCerts=true, javascriptEnabled=true, cssSelectorsEnabled=true, databaseEnabled=true, browserName=firefox, handlesAlerts=true, browserConnectionEnabled=true, webStorageEnabled=true, nativeEvents=false, rotatable=false, locationContextEnabled=true, applicationCacheEnabled=true, takesScreenshot=true, version=29.0.1}]
	at sun.reflect.NativeConstructorAccessorImpl.newInstance0(Native Method)
	at sun.reflect.NativeConstructorAccessorImpl.newInstance(Unknown Source)
	at sun.reflect.DelegatingConstructorAccessorImpl.newInstance(Unknown Source)
	at java.lang.reflect.Constructor.newInstance(Unknown Source)
	at org.openqa.selenium.remote.ErrorHandler.createThrowable(ErrorHandler.java:193)
	at org.openqa.selenium.remote.ErrorHandler.throwIfResponseFailed(ErrorHandler.java:145)
	at org.openqa.selenium.remote.RemoteWebDriver.execute(RemoteWebDriver.java:595)
	at org.openqa.selenium.remote.RemoteWebDriver.findElement(RemoteWebDriver.java:348)
	at org.openqa.selenium.remote.RemoteWebDriver.findElementById(RemoteWebDriver.java:389)
	at org.openqa.selenium.By$ById.findElement(By.java:214)
	at org.openqa.selenium.remote.RemoteWebDriver.findElement(RemoteWebDriver.java:340)
	at test_utils.AutoObjectFactory.fetchWebElement(AutoObjectFactory.java:68)
	at selenium_Test.RegisterTest.test1(RegisterTest.java:77)
	at sun.reflect.NativeMethodAccessorImpl.invoke0(Native Method)
	at sun.reflect.NativeMethodAccessorImpl.invoke(Unknown Source)
	at sun.reflect.DelegatingMethodAccessorImpl.invoke(Unknown Source)
	at java.lang.reflect.Method.invoke(Unknown Source)
	at org.testng.internal.MethodInvocationHelper.invokeMethod(MethodInvocationHelper.java:84)
	at org.testng.internal.Invoker.invokeMethod(Invoker.java:714)
	at org.testng.internal.Invoker.invokeTestMethod(Invoker.java:901)
	at org.testng.internal.Invoker.invokeTestMethods(Invoker.java:1231)
	at org.testng.internal.TestMethodWorker.invokeTestMethods(TestMethodWorker.java:127)
	at org.testng.internal.TestMethodWorker.run(TestMethodWorker.java:111)
	at org.testng.TestRunner.privateRun(TestRunner.java:767)
	at org.testng.TestRunner.run(TestRunner.java:617)
	at org.testng.SuiteRunner.runTest(SuiteRunner.java:334)
	at org.testng.SuiteRunner.runSequentially(SuiteRunner.java:329)
	at org.testng.SuiteRunner.privateRun(SuiteRunner.java:291)
	at org.testng.SuiteRunner.run(SuiteRunner.java:240)
	at org.testng.SuiteRunnerWorker.runSuite(SuiteRunnerWorker.java:52)
	at org.testng.SuiteRunnerWorker.run(SuiteRunnerWorker.java:86)
	at org.testng.TestNG.runSuitesSequentially(TestNG.java:1224)
	at org.testng.TestNG.runSuitesLocally(TestNG.java:1149)
	at org.testng.TestNG.run(TestNG.java:1057)
	at org.testng.remote.RemoteTestNG.run(RemoteTestNG.java:111)
	at org.testng.remote.RemoteTestNG.initAndRun(RemoteTestNG.java:204)
	at org.testng.remote.RemoteTestNG.main(RemoteTestNG.java:175)
Caused by: org.openqa.selenium.remote.ErrorHandler$UnknownServerException: Unable to locate element: {&quot;method&quot;:&quot;id&quot;,&quot;selector&quot;:&quot;mynickname&quot;}
Build info: version: &apos;2.41.0&apos;, revision: &apos;3192d8a&apos;, time: &apos;2014-03-27 17:17:32&apos;
System info: host: &apos;Zeng&apos;, ip: &apos;221.239.197.2&apos;, os.name: &apos;Windows 8&apos;, os.arch: &apos;amd64&apos;, os.version: &apos;6.2&apos;, java.version: &apos;1.7.0_45&apos;
Driver info: driver.version: unknown
	at &lt;anonymous class&gt;.FirefoxDriver.prototype.findElementInternal_(file:///C:/Users/ZengYang/AppData/Local/Temp/anonymous6192788485877923537webdriver-profile/extensions/fxdriver@googlecode.com/components/driver_component.js:8905)
	at &lt;anonymous class&gt;.fxdriver.Timer.prototype.setTimeout/&lt;.notify(file:///C:/Users/ZengYang/AppData/Local/Temp/anonymous6192788485877923537webdriver-profile/extensions/fxdriver@googlecode.com/components/driver_component.js:396)
</pre></div></td>
<td>35</td>
<td>selenium_Test.RegisterTest@56b21710</td></tr>
<tr>
<td title='selenium_Test.RegisterTest.test1()'><b>test1</b><br>Test class: selenium_Test.RegisterTest<br>Parameters: godlike, 123qq.com, 123123, 123123, 用户名已存在, 邮箱格式错误, , , f</td>
<td><div><pre>java.lang.AssertionError: expected [] but found [用户名已存在]
	at selenium_Test.RegisterTest.test1(RegisterTest.java:85)
... Removed 29 stack frames</pre></div><a href='#' onClick='toggleBox("stack-trace1826327368", this, "Click to show all stack frames", "Click to hide stack frames")'>Click to show all stack frames</a>
<div class='stack-trace' id='stack-trace1826327368'><pre>java.lang.AssertionError: expected [] but found [用户名已存在]
	at org.testng.Assert.fail(Assert.java:94)
	at org.testng.Assert.failNotEquals(Assert.java:494)
	at org.testng.Assert.assertEquals(Assert.java:123)
	at org.testng.Assert.assertEquals(Assert.java:176)
	at org.testng.Assert.assertEquals(Assert.java:186)
	at selenium_Test.RegisterTest.test1(RegisterTest.java:85)
	at sun.reflect.NativeMethodAccessorImpl.invoke0(Native Method)
	at sun.reflect.NativeMethodAccessorImpl.invoke(Unknown Source)
	at sun.reflect.DelegatingMethodAccessorImpl.invoke(Unknown Source)
	at java.lang.reflect.Method.invoke(Unknown Source)
	at org.testng.internal.MethodInvocationHelper.invokeMethod(MethodInvocationHelper.java:84)
	at org.testng.internal.Invoker.invokeMethod(Invoker.java:714)
	at org.testng.internal.Invoker.invokeTestMethod(Invoker.java:901)
	at org.testng.internal.Invoker.invokeTestMethods(Invoker.java:1231)
	at org.testng.internal.TestMethodWorker.invokeTestMethods(TestMethodWorker.java:127)
	at org.testng.internal.TestMethodWorker.run(TestMethodWorker.java:111)
	at org.testng.TestRunner.privateRun(TestRunner.java:767)
	at org.testng.TestRunner.run(TestRunner.java:617)
	at org.testng.SuiteRunner.runTest(SuiteRunner.java:334)
	at org.testng.SuiteRunner.runSequentially(SuiteRunner.java:329)
	at org.testng.SuiteRunner.privateRun(SuiteRunner.java:291)
	at org.testng.SuiteRunner.run(SuiteRunner.java:240)
	at org.testng.SuiteRunnerWorker.runSuite(SuiteRunnerWorker.java:52)
	at org.testng.SuiteRunnerWorker.run(SuiteRunnerWorker.java:86)
	at org.testng.TestNG.runSuitesSequentially(TestNG.java:1224)
	at org.testng.TestNG.runSuitesLocally(TestNG.java:1149)
	at org.testng.TestNG.run(TestNG.java:1057)
	at org.testng.remote.RemoteTestNG.run(RemoteTestNG.java:111)
	at org.testng.remote.RemoteTestNG.initAndRun(RemoteTestNG.java:204)
	at org.testng.remote.RemoteTestNG.main(RemoteTestNG.java:175)
</pre></div></td>
<td>27</td>
<td>selenium_Test.RegisterTest@56b21710</td></tr>
<tr>
<td title='selenium_Test.RegisterTest.test1()'><b>test1</b><br>Test class: selenium_Test.RegisterTest<br>Parameters: godlike, 123@qq.com, 123456, 123, 用户名已存在, , , , f</td>
<td><div><pre>java.lang.AssertionError: expected [] but found [用户名已存在]
	at selenium_Test.RegisterTest.test1(RegisterTest.java:85)
... Removed 29 stack frames</pre></div><a href='#' onClick='toggleBox("stack-trace388022710", this, "Click to show all stack frames", "Click to hide stack frames")'>Click to show all stack frames</a>
<div class='stack-trace' id='stack-trace388022710'><pre>java.lang.AssertionError: expected [] but found [用户名已存在]
	at org.testng.Assert.fail(Assert.java:94)
	at org.testng.Assert.failNotEquals(Assert.java:494)
	at org.testng.Assert.assertEquals(Assert.java:123)
	at org.testng.Assert.assertEquals(Assert.java:176)
	at org.testng.Assert.assertEquals(Assert.java:186)
	at selenium_Test.RegisterTest.test1(RegisterTest.java:85)
	at sun.reflect.NativeMethodAccessorImpl.invoke0(Native Method)
	at sun.reflect.NativeMethodAccessorImpl.invoke(Unknown Source)
	at sun.reflect.DelegatingMethodAccessorImpl.invoke(Unknown Source)
	at java.lang.reflect.Method.invoke(Unknown Source)
	at org.testng.internal.MethodInvocationHelper.invokeMethod(MethodInvocationHelper.java:84)
	at org.testng.internal.Invoker.invokeMethod(Invoker.java:714)
	at org.testng.internal.Invoker.invokeTestMethod(Invoker.java:901)
	at org.testng.internal.Invoker.invokeTestMethods(Invoker.java:1231)
	at org.testng.internal.TestMethodWorker.invokeTestMethods(TestMethodWorker.java:127)
	at org.testng.internal.TestMethodWorker.run(TestMethodWorker.java:111)
	at org.testng.TestRunner.privateRun(TestRunner.java:767)
	at org.testng.TestRunner.run(TestRunner.java:617)
	at org.testng.SuiteRunner.runTest(SuiteRunner.java:334)
	at org.testng.SuiteRunner.runSequentially(SuiteRunner.java:329)
	at org.testng.SuiteRunner.privateRun(SuiteRunner.java:291)
	at org.testng.SuiteRunner.run(SuiteRunner.java:240)
	at org.testng.SuiteRunnerWorker.runSuite(SuiteRunnerWorker.java:52)
	at org.testng.SuiteRunnerWorker.run(SuiteRunnerWorker.java:86)
	at org.testng.TestNG.runSuitesSequentially(TestNG.java:1224)
	at org.testng.TestNG.runSuitesLocally(TestNG.java:1149)
	at org.testng.TestNG.run(TestNG.java:1057)
	at org.testng.remote.RemoteTestNG.run(RemoteTestNG.java:111)
	at org.testng.remote.RemoteTestNG.initAndRun(RemoteTestNG.java:204)
	at org.testng.remote.RemoteTestNG.main(RemoteTestNG.java:175)
</pre></div></td>
<td>5</td>
<td>selenium_Test.RegisterTest@56b21710</td></tr>
</table><p>
<table width='100%' border='1' class='invocation-passed'>
<tr><td colspan='4' align='center'><b>PASSED TESTS</b></td></tr>
<tr><td><b>Test method</b></td>
<td width="30%"><b>Exception</b></td>
<td width="10%"><b>Time (seconds)</b></td>
<td><b>Instance</b></td>
</tr>
<tr>
<td title='selenium_Test.RegisterTest.test1()'><b>test1</b><br>Test class: selenium_Test.RegisterTest<br>Parameters: godlike, 123@qq.com, 123123, 123123, 用户名已存在, , , , f</td>
<td></td>
<td>48</td>
<td>selenium_Test.RegisterTest@56b21710</td></tr>
<tr>
<td title='selenium_Test.RegisterTest.test1()'><b>test1</b><br>Test class: selenium_Test.RegisterTest<br>Parameters: godlike, 123@qq.com, 123, 123, 用户名已存在, , 请输入6-16位的数字、字母或符号。, , f</td>
<td></td>
<td>11</td>
<td>selenium_Test.RegisterTest@56b21710</td></tr>
</table><p>
<table width='100%' border='1' class='invocation-skipped'>
<tr><td colspan='4' align='center'><b>SKIPPED TESTS</b></td></tr>
<tr><td><b>Test method</b></td>
<td width="30%"><b>Exception</b></td>
<td width="10%"><b>Time (seconds)</b></td>
<td><b>Instance</b></td>
</tr>
<tr>
<td title='selenium_Test.RegisterTest.test1()'><b>test1</b><br>Test class: selenium_Test.RegisterTest<br>Parameters: test, 123@qqcom, 123456, 123456, , 邮箱格式错误, , , f</td>
<td></td>
<td>0</td>
<td>selenium_Test.RegisterTest@56b21710</td></tr>
<tr>
<td title='selenium_Test.RegisterTest.test1()'><b>test1</b><br>Test class: selenium_Test.RegisterTest<br>Parameters: test, 123@qq.com, 123, 123, , , 请输入6-16位的数字、字母或符号。, , f</td>
<td></td>
<td>0</td>
<td>selenium_Test.RegisterTest@56b21710</td></tr>
<tr>
<td title='selenium_Test.RegisterTest.test1()'><b>test1</b><br>Test class: selenium_Test.RegisterTest<br>Parameters: test, 123@qq.com, 123456, 123, , , , 两次密码不一致, f</td>
<td></td>
<td>0</td>
<td>selenium_Test.RegisterTest@56b21710</td></tr>
<tr>
<td title='selenium_Test.RegisterTest.test1()'><b>test1</b><br>Test class: selenium_Test.RegisterTest<br>Parameters: godlike, 123@qqcom, 123456, 123, 用户名已存在, 邮箱格式错误, , 两次密码不一致, f</td>
<td></td>
<td>0</td>
<td>selenium_Test.RegisterTest@56b21710</td></tr>
<tr>
<td title='selenium_Test.RegisterTest.test1()'><b>test1</b><br>Test class: selenium_Test.RegisterTest<br>Parameters: godlike, 123@qqcom, 123, 123, 用户名已存在, 邮箱格式错误, 请输入6-16位的数字、字母或符号。, , f</td>
<td></td>
<td>0</td>
<td>selenium_Test.RegisterTest@56b21710</td></tr>
<tr>
<td title='selenium_Test.RegisterTest.test1()'><b>test1</b><br>Test class: selenium_Test.RegisterTest<br>Parameters: godlike, 123@qq.com, 1234, 123456, 用户名已存在, , 请输入6-16位的数字、字母或符号。, 两次密码不一致, f</td>
<td></td>
<td>0</td>
<td>selenium_Test.RegisterTest@56b21710</td></tr>
<tr>
<td title='selenium_Test.RegisterTest.test1()'><b>test1</b><br>Test class: selenium_Test.RegisterTest<br>Parameters: godlike, 123@qqcom, 1234, 123456, 用户名已存在, 邮箱格式错误, 请输入6-16位的数字、字母或符号。, 两次密码不一致, f</td>
<td></td>
<td>0</td>
<td>selenium_Test.RegisterTest@56b21710</td></tr>
<tr>
<td title='selenium_Test.RegisterTest.test1()'><b>test1</b><br>Test class: selenium_Test.RegisterTest<br>Parameters: Test, 123@qq.com, 1234, 123456, , , 请输入6-16位的数字、字母或符号。, 两次密码不一致, f</td>
<td></td>
<td>0</td>
<td>selenium_Test.RegisterTest@56b21710</td></tr>
<tr>
<td title='selenium_Test.RegisterTest.test1()'><b>test1</b><br>Test class: selenium_Test.RegisterTest<br>Parameters: Test, 123@qqcom, 123456, 1234, , 邮箱格式错误, , 两次密码不一致, f</td>
<td></td>
<td>0</td>
<td>selenium_Test.RegisterTest@56b21710</td></tr>
<tr>
<td title='selenium_Test.RegisterTest.test1()'><b>test1</b><br>Test class: selenium_Test.RegisterTest<br>Parameters: Test, 123@qqcom, 123, 123, , 邮箱格式错误, 请输入6-16位的数字、字母或符号。, , f</td>
<td></td>
<td>0</td>
<td>selenium_Test.RegisterTest@56b21710</td></tr>
<tr>
<td title='selenium_Test.RegisterTest.test1()'><b>test1</b><br>Test class: selenium_Test.RegisterTest<br>Parameters: Test, 123@qqcom, 1234, 123456, , 邮箱格式错误, 请输入6-16位的数字、字母或符号。, 两次密码不一致, f</td>
<td></td>
<td>0</td>
<td>selenium_Test.RegisterTest@56b21710</td></tr>
</table><p>
</body>
</html>