<?xml version="1.0" encoding="UTF-8"?>
<testng-results skipped="6" failed="1" total="9" passed="2">
  <reporter-output>
  </reporter-output>
  <suite name="Default suite" duration-ms="109375" started-at="2014-06-13T11:27:18Z" finished-at="2014-06-13T11:29:07Z">
    <groups>
    </groups>
    <test name="Default test" duration-ms="109375" started-at="2014-06-13T11:27:18Z" finished-at="2014-06-13T11:29:07Z">
      <class name="selenium_Test.MailInputTest">
        <test-method status="PASS" signature="setUp()[pri:0, instance:selenium_Test.MailInputTest@e068ad3]" name="setUp" is-config="true" duration-ms="14329" started-at="2014-06-13T19:27:18Z" finished-at="2014-06-13T19:27:33Z">
          <reporter-output>
          </reporter-output>
        </test-method> <!-- setUp -->
        <test-method status="PASS" signature="test1(java.lang.String, java.lang.String, java.lang.String)[pri:0, instance:selenium_Test.MailInputTest@e068ad3]" name="test1" duration-ms="4700" started-at="2014-06-13T19:27:33Z" data-provider="mail" finished-at="2014-06-13T19:27:37Z">
          <params>
            <param index="0">
              <value>
                <![CDATA[]]>
              </value>
            </param>
            <param index="1">
              <value>
                <![CDATA[f]]>
              </value>
            </param>
            <param index="2">
              <value>
                <![CDATA[ÓÊÏä¸ñÊ½´íÎó]]>
              </value>
            </param>
          </params>
          <reporter-output>
          </reporter-output>
        </test-method> <!-- test1 -->
        <test-method status="PASS" signature="tearDown()[pri:0, instance:selenium_Test.MailInputTest@e068ad3]" name="tearDown" is-config="true" duration-ms="536" started-at="2014-06-13T19:27:37Z" finished-at="2014-06-13T19:27:38Z">
          <reporter-output>
          </reporter-output>
        </test-method> <!-- tearDown -->
        <test-method status="PASS" signature="setUp()[pri:0, instance:selenium_Test.MailInputTest@e068ad3]" name="setUp" is-config="true" duration-ms="13330" started-at="2014-06-13T19:27:38Z" finished-at="2014-06-13T19:27:51Z">
          <reporter-output>
          </reporter-output>
        </test-method> <!-- setUp -->
        <test-method status="PASS" signature="test1(java.lang.String, java.lang.String, java.lang.String)[pri:0, instance:selenium_Test.MailInputTest@e068ad3]" name="test1" duration-ms="10911" started-at="2014-06-13T19:27:51Z" data-provider="mail" finished-at="2014-06-13T19:28:02Z">
          <params>
            <param index="0">
              <value>
                <![CDATA[123]]>
              </value>
            </param>
            <param index="1">
              <value>
                <![CDATA[f]]>
              </value>
            </param>
            <param index="2">
              <value>
                <![CDATA[ÓÊÏä¸ñÊ½´íÎó]]>
              </value>
            </param>
          </params>
          <reporter-output>
          </reporter-output>
        </test-method> <!-- test1 -->
        <test-method status="PASS" signature="tearDown()[pri:0, instance:selenium_Test.MailInputTest@e068ad3]" name="tearDown" is-config="true" duration-ms="568" started-at="2014-06-13T19:28:02Z" finished-at="2014-06-13T19:28:03Z">
          <reporter-output>
          </reporter-output>
        </test-method> <!-- tearDown -->
        <test-method status="PASS" signature="setUp()[pri:0, instance:selenium_Test.MailInputTest@e068ad3]" name="setUp" is-config="true" duration-ms="11167" started-at="2014-06-13T19:28:03Z" finished-at="2014-06-13T19:28:14Z">
          <reporter-output>
          </reporter-output>
        </test-method> <!-- setUp -->
        <test-method status="FAIL" signature="test1(java.lang.String, java.lang.String, java.lang.String)[pri:0, instance:selenium_Test.MailInputTest@e068ad3]" name="test1" duration-ms="51757" started-at="2014-06-13T19:28:14Z" data-provider="mail" finished-at="2014-06-13T19:29:06Z">
          <params>
            <param index="0">
              <value>
                <![CDATA[123@]]>
              </value>
            </param>
            <param index="1">
              <value>
                <![CDATA[f]]>
              </value>
            </param>
            <param index="2">
              <value>
                <![CDATA[ÓÊÏä¸ñÊ½´íÎó]]>
              </value>
            </param>
          </params>
          <exception class="org.openqa.selenium.remote.UnreachableBrowserException">
            <message>
              <![CDATA[Error communicating with the remote browser. It may have died.
Build info: version: '2.41.0', revision: '3192d8a', time: '2014-03-27 17:17:32'
System info: host: 'Zeng', ip: '221.239.197.2', os.name: 'Windows 8', os.arch: 'amd64', os.version: '6.2', java.version: '1.7.0_45'
Driver info: driver.version: RemoteWebDriver]]>
            </message>
            <full-stacktrace>
              <![CDATA[org.openqa.selenium.remote.UnreachableBrowserException: Error communicating with the remote browser. It may have died.
Build info: version: '2.41.0', revision: '3192d8a', time: '2014-03-27 17:17:32'
System info: host: 'Zeng', ip: '221.239.197.2', os.name: 'Windows 8', os.arch: 'amd64', os.version: '6.2', java.version: '1.7.0_45'
Driver info: driver.version: RemoteWebDriver
	at org.openqa.selenium.remote.RemoteWebDriver.execute(RemoteWebDriver.java:589)
	at org.openqa.selenium.remote.RemoteWebDriver.get(RemoteWebDriver.java:300)
	at selenium_Test.MailInputTest.test1(MailInputTest.java:58)
	at sun.reflect.NativeMethodAccessorImpl.invoke0(Native Method)
	at sun.reflect.NativeMethodAccessorImpl.invoke(Unknown Source)
	at sun.reflect.DelegatingMethodAccessorImpl.invoke(Unknown Source)
	at java.lang.reflect.Method.invoke(Unknown Source)
	at org.testng.internal.MethodInvocationHelper.invokeMethod(MethodInvocationHelper.java:84)
	at org.testng.internal.Invoker.invokeMethod(Invoker.java:714)
	at org.testng.internal.Invoker.invokeTestMethod(Invoker.java:901)
	at org.testng.internal.Invoker.invokeTestMethods(Invoker.java:1231)
	at org.testng.internal.TestMethodWorker.invokeTestMethods(TestMethodWorker.java:127)
	at org.testng.internal.TestMethodWorker.run(TestMethodWorker.java:111)
	at org.testng.TestRunner.privateRun(TestRunner.java:767)
	at org.testng.TestRunner.run(TestRunner.java:617)
	at org.testng.SuiteRunner.runTest(SuiteRunner.java:334)
	at org.testng.SuiteRunner.runSequentially(SuiteRunner.java:329)
	at org.testng.SuiteRunner.privateRun(SuiteRunner.java:291)
	at org.testng.SuiteRunner.run(SuiteRunner.java:240)
	at org.testng.SuiteRunnerWorker.runSuite(SuiteRunnerWorker.java:52)
	at org.testng.SuiteRunnerWorker.run(SuiteRunnerWorker.java:86)
	at org.testng.TestNG.runSuitesSequentially(TestNG.java:1224)
	at org.testng.TestNG.runSuitesLocally(TestNG.java:1149)
	at org.testng.TestNG.run(TestNG.java:1057)
	at org.testng.remote.RemoteTestNG.run(RemoteTestNG.java:111)
	at org.testng.remote.RemoteTestNG.initAndRun(RemoteTestNG.java:204)
	at org.testng.remote.RemoteTestNG.main(RemoteTestNG.java:175)
Caused by: java.net.ConnectException: Connection refused: connect
	at java.net.DualStackPlainSocketImpl.waitForConnect(Native Method)
	at java.net.DualStackPlainSocketImpl.socketConnect(Unknown Source)
	at java.net.AbstractPlainSocketImpl.doConnect(Unknown Source)
	at java.net.AbstractPlainSocketImpl.connectToAddress(Unknown Source)
	at java.net.AbstractPlainSocketImpl.connect(Unknown Source)
	at java.net.PlainSocketImpl.connect(Unknown Source)
	at java.net.SocksSocketImpl.connect(Unknown Source)
	at java.net.Socket.connect(Unknown Source)
	at org.apache.http.conn.scheme.PlainSocketFactory.connectSocket(PlainSocketFactory.java:117)
	at org.apache.http.impl.conn.DefaultClientConnectionOperator.openConnection(DefaultClientConnectionOperator.java:178)
	at org.apache.http.impl.conn.AbstractPoolEntry.open(AbstractPoolEntry.java:144)
	at org.apache.http.impl.conn.AbstractPooledConnAdapter.open(AbstractPooledConnAdapter.java:131)
	at org.apache.http.impl.client.DefaultRequestDirector.tryConnect(DefaultRequestDirector.java:610)
	at org.apache.http.impl.client.DefaultRequestDirector.execute(DefaultRequestDirector.java:445)
	at org.apache.http.impl.client.AbstractHttpClient.doExecute(AbstractHttpClient.java:863)
	at org.apache.http.impl.client.CloseableHttpClient.execute(CloseableHttpClient.java:72)
	at org.apache.http.impl.client.CloseableHttpClient.execute(CloseableHttpClient.java:57)
	at org.openqa.selenium.remote.HttpCommandExecutor.fallBackExecute(HttpCommandExecutor.java:340)
	at org.openqa.selenium.remote.HttpCommandExecutor.execute(HttpCommandExecutor.java:301)
	at org.openqa.selenium.firefox.internal.NewProfileExtensionConnection.execute(NewProfileExtensionConnection.java:165)
	at org.openqa.selenium.firefox.FirefoxDriver$LazyCommandExecutor.execute(FirefoxDriver.java:362)
	at org.openqa.selenium.remote.RemoteWebDriver.execute(RemoteWebDriver.java:568)
	... 26 more
]]>
            </full-stacktrace>
          </exception> <!-- org.openqa.selenium.remote.UnreachableBrowserException -->
          <reporter-output>
          </reporter-output>
        </test-method> <!-- test1 -->
        <test-method status="FAIL" signature="tearDown()[pri:0, instance:selenium_Test.MailInputTest@e068ad3]" name="tearDown" is-config="true" duration-ms="0" started-at="2014-06-13T19:29:06Z" finished-at="2014-06-13T19:29:06Z">
          <exception class="org.openqa.selenium.remote.UnreachableBrowserException">
            <message>
              <![CDATA[Error communicating with the remote browser. It may have died.
Build info: version: '2.41.0', revision: '3192d8a', time: '2014-03-27 17:17:32'
System info: host: 'Zeng', ip: '221.239.197.2', os.name: 'Windows 8', os.arch: 'amd64', os.version: '6.2', java.version: '1.7.0_45'
Driver info: driver.version: RemoteWebDriver]]>
            </message>
            <full-stacktrace>
              <![CDATA[org.openqa.selenium.remote.UnreachableBrowserException: Error communicating with the remote browser. It may have died.
Build info: version: '2.41.0', revision: '3192d8a', time: '2014-03-27 17:17:32'
System info: host: 'Zeng', ip: '221.239.197.2', os.name: 'Windows 8', os.arch: 'amd64', os.version: '6.2', java.version: '1.7.0_45'
Driver info: driver.version: RemoteWebDriver
	at org.openqa.selenium.remote.RemoteWebDriver.execute(RemoteWebDriver.java:589)
	at org.openqa.selenium.remote.RemoteWebDriver.execute(RemoteWebDriver.java:610)
	at org.openqa.selenium.remote.RemoteWebDriver.quit(RemoteWebDriver.java:464)
	at selenium_Test.MailInputTest.tearDown(MailInputTest.java:77)
	at sun.reflect.NativeMethodAccessorImpl.invoke0(Native Method)
	at sun.reflect.NativeMethodAccessorImpl.invoke(Unknown Source)
	at sun.reflect.DelegatingMethodAccessorImpl.invoke(Unknown Source)
	at java.lang.reflect.Method.invoke(Unknown Source)
	at org.testng.internal.MethodInvocationHelper.invokeMethod(MethodInvocationHelper.java:84)
	at org.testng.internal.Invoker.invokeConfigurationMethod(Invoker.java:564)
	at org.testng.internal.Invoker.invokeConfigurations(Invoker.java:213)
	at org.testng.internal.Invoker.invokeMethod(Invoker.java:786)
	at org.testng.internal.Invoker.invokeTestMethod(Invoker.java:901)
	at org.testng.internal.Invoker.invokeTestMethods(Invoker.java:1231)
	at org.testng.internal.TestMethodWorker.invokeTestMethods(TestMethodWorker.java:127)
	at org.testng.internal.TestMethodWorker.run(TestMethodWorker.java:111)
	at org.testng.TestRunner.privateRun(TestRunner.java:767)
	at org.testng.TestRunner.run(TestRunner.java:617)
	at org.testng.SuiteRunner.runTest(SuiteRunner.java:334)
	at org.testng.SuiteRunner.runSequentially(SuiteRunner.java:329)
	at org.testng.SuiteRunner.privateRun(SuiteRunner.java:291)
	at org.testng.SuiteRunner.run(SuiteRunner.java:240)
	at org.testng.SuiteRunnerWorker.runSuite(SuiteRunnerWorker.java:52)
	at org.testng.SuiteRunnerWorker.run(SuiteRunnerWorker.java:86)
	at org.testng.TestNG.runSuitesSequentially(TestNG.java:1224)
	at org.testng.TestNG.runSuitesLocally(TestNG.java:1149)
	at org.testng.TestNG.run(TestNG.java:1057)
	at org.testng.remote.RemoteTestNG.run(RemoteTestNG.java:111)
	at org.testng.remote.RemoteTestNG.initAndRun(RemoteTestNG.java:204)
	at org.testng.remote.RemoteTestNG.main(RemoteTestNG.java:175)
Caused by: java.net.ConnectException: Connection refused: connect
	at java.net.DualStackPlainSocketImpl.waitForConnect(Native Method)
	at java.net.DualStackPlainSocketImpl.socketConnect(Unknown Source)
	at java.net.AbstractPlainSocketImpl.doConnect(Unknown Source)
	at java.net.AbstractPlainSocketImpl.connectToAddress(Unknown Source)
	at java.net.AbstractPlainSocketImpl.connect(Unknown Source)
	at java.net.PlainSocketImpl.connect(Unknown Source)
	at java.net.SocksSocketImpl.connect(Unknown Source)
	at java.net.Socket.connect(Unknown Source)
	at org.apache.http.conn.scheme.PlainSocketFactory.connectSocket(PlainSocketFactory.java:117)
	at org.apache.http.impl.conn.DefaultClientConnectionOperator.openConnection(DefaultClientConnectionOperator.java:178)
	at org.apache.http.impl.conn.AbstractPoolEntry.open(AbstractPoolEntry.java:144)
	at org.apache.http.impl.conn.AbstractPooledConnAdapter.open(AbstractPooledConnAdapter.java:131)
	at org.apache.http.impl.client.DefaultRequestDirector.tryConnect(DefaultRequestDirector.java:610)
	at org.apache.http.impl.client.DefaultRequestDirector.execute(DefaultRequestDirector.java:445)
	at org.apache.http.impl.client.AbstractHttpClient.doExecute(AbstractHttpClient.java:863)
	at org.apache.http.impl.client.CloseableHttpClient.execute(CloseableHttpClient.java:72)
	at org.apache.http.impl.client.CloseableHttpClient.execute(CloseableHttpClient.java:57)
	at org.openqa.selenium.remote.HttpCommandExecutor.fallBackExecute(HttpCommandExecutor.java:322)
	at org.openqa.selenium.remote.HttpCommandExecutor.execute(HttpCommandExecutor.java:301)
	at org.openqa.selenium.firefox.internal.NewProfileExtensionConnection.execute(NewProfileExtensionConnection.java:165)
	at org.openqa.selenium.firefox.FirefoxDriver$LazyCommandExecutor.execute(FirefoxDriver.java:362)
	at org.openqa.selenium.remote.RemoteWebDriver.execute(RemoteWebDriver.java:568)
	... 29 more
]]>
            </full-stacktrace>
          </exception> <!-- org.openqa.selenium.remote.UnreachableBrowserException -->
          <reporter-output>
          </reporter-output>
        </test-method> <!-- tearDown -->
        <test-method status="SKIP" signature="setUp()[pri:0, instance:selenium_Test.MailInputTest@e068ad3]" name="setUp" is-config="true" duration-ms="0" started-at="2014-06-13T19:29:07Z" finished-at="2014-06-13T19:29:07Z">
          <reporter-output>
          </reporter-output>
        </test-method> <!-- setUp -->
        <test-method status="SKIP" signature="test1(java.lang.String, java.lang.String, java.lang.String)[pri:0, instance:selenium_Test.MailInputTest@e068ad3]" name="test1" duration-ms="1" started-at="2014-06-13T19:29:07Z" data-provider="mail" finished-at="2014-06-13T19:29:07Z">
          <params>
            <param index="0">
              <value>
                <![CDATA[123@163]]>
              </value>
            </param>
            <param index="1">
              <value>
                <![CDATA[f]]>
              </value>
            </param>
            <param index="2">
              <value>
                <![CDATA[ÓÊÏä¸ñÊ½´íÎó]]>
              </value>
            </param>
          </params>
          <reporter-output>
          </reporter-output>
        </test-method> <!-- test1 -->
        <test-method status="SKIP" signature="tearDown()[pri:0, instance:selenium_Test.MailInputTest@e068ad3]" name="tearDown" is-config="true" duration-ms="0" started-at="2014-06-13T19:29:07Z" finished-at="2014-06-13T19:29:07Z">
          <reporter-output>
          </reporter-output>
        </test-method> <!-- tearDown -->
        <test-method status="SKIP" signature="setUp()[pri:0, instance:selenium_Test.MailInputTest@e068ad3]" name="setUp" is-config="true" duration-ms="0" started-at="2014-06-13T19:29:07Z" finished-at="2014-06-13T19:29:07Z">
          <reporter-output>
          </reporter-output>
        </test-method> <!-- setUp -->
        <test-method status="SKIP" signature="test1(java.lang.String, java.lang.String, java.lang.String)[pri:0, instance:selenium_Test.MailInputTest@e068ad3]" name="test1" duration-ms="2" started-at="2014-06-13T19:29:07Z" data-provider="mail" finished-at="2014-06-13T19:29:07Z">
          <params>
            <param index="0">
              <value>
                <![CDATA[123@@163.com]]>
              </value>
            </param>
            <param index="1">
              <value>
                <![CDATA[f]]>
              </value>
            </param>
            <param index="2">
              <value>
                <![CDATA[ÓÊÏä¸ñÊ½´íÎó]]>
              </value>
            </param>
          </params>
          <reporter-output>
          </reporter-output>
        </test-method> <!-- test1 -->
        <test-method status="SKIP" signature="tearDown()[pri:0, instance:selenium_Test.MailInputTest@e068ad3]" name="tearDown" is-config="true" duration-ms="0" started-at="2014-06-13T19:29:07Z" finished-at="2014-06-13T19:29:07Z">
          <reporter-output>
          </reporter-output>
        </test-method> <!-- tearDown -->
        <test-method status="SKIP" signature="setUp()[pri:0, instance:selenium_Test.MailInputTest@e068ad3]" name="setUp" is-config="true" duration-ms="0" started-at="2014-06-13T19:29:07Z" finished-at="2014-06-13T19:29:07Z">
          <reporter-output>
          </reporter-output>
        </test-method> <!-- setUp -->
        <test-method status="SKIP" signature="test1(java.lang.String, java.lang.String, java.lang.String)[pri:0, instance:selenium_Test.MailInputTest@e068ad3]" name="test1" duration-ms="1" started-at="2014-06-13T19:29:07Z" data-provider="mail" finished-at="2014-06-13T19:29:07Z">
          <params>
            <param index="0">
              <value>
                <![CDATA[123@163.]]>
              </value>
            </param>
            <param index="1">
              <value>
                <![CDATA[f]]>
              </value>
            </param>
            <param index="2">
              <value>
                <![CDATA[ÓÊÏä¸ñÊ½´íÎó]]>
              </value>
            </param>
          </params>
          <reporter-output>
          </reporter-output>
        </test-method> <!-- test1 -->
        <test-method status="SKIP" signature="tearDown()[pri:0, instance:selenium_Test.MailInputTest@e068ad3]" name="tearDown" is-config="true" duration-ms="0" started-at="2014-06-13T19:29:07Z" finished-at="2014-06-13T19:29:07Z">
          <reporter-output>
          </reporter-output>
        </test-method> <!-- tearDown -->
        <test-method status="SKIP" signature="setUp()[pri:0, instance:selenium_Test.MailInputTest@e068ad3]" name="setUp" is-config="true" duration-ms="0" started-at="2014-06-13T19:29:07Z" finished-at="2014-06-13T19:29:07Z">
          <reporter-output>
          </reporter-output>
        </test-method> <!-- setUp -->
        <test-method status="SKIP" signature="test1(java.lang.String, java.lang.String, java.lang.String)[pri:0, instance:selenium_Test.MailInputTest@e068ad3]" name="test1" duration-ms="3" started-at="2014-06-13T19:29:07Z" data-provider="mail" finished-at="2014-06-13T19:29:07Z">
          <params>
            <param index="0">
              <value>
                <![CDATA[123@163.com]]>
              </value>
            </param>
            <param index="1">
              <value>
                <![CDATA[t]]>
              </value>
            </param>
            <param index="2">
              <value>
                <![CDATA[]]>
              </value>
            </param>
          </params>
          <reporter-output>
          </reporter-output>
        </test-method> <!-- test1 -->
        <test-method status="SKIP" signature="tearDown()[pri:0, instance:selenium_Test.MailInputTest@e068ad3]" name="tearDown" is-config="true" duration-ms="0" started-at="2014-06-13T19:29:07Z" finished-at="2014-06-13T19:29:07Z">
          <reporter-output>
          </reporter-output>
        </test-method> <!-- tearDown -->
        <test-method status="SKIP" signature="setUp()[pri:0, instance:selenium_Test.MailInputTest@e068ad3]" name="setUp" is-config="true" duration-ms="0" started-at="2014-06-13T19:29:07Z" finished-at="2014-06-13T19:29:07Z">
          <reporter-output>
          </reporter-output>
        </test-method> <!-- setUp -->
        <test-method status="SKIP" signature="test1(java.lang.String, java.lang.String, java.lang.String)[pri:0, instance:selenium_Test.MailInputTest@e068ad3]" name="test1" duration-ms="1" started-at="2014-06-13T19:29:07Z" data-provider="mail" finished-at="2014-06-13T19:29:07Z">
          <params>
            <param index="0">
              <value>
                <![CDATA[123@163..com]]>
              </value>
            </param>
            <param index="1">
              <value>
                <![CDATA[f]]>
              </value>
            </param>
            <param index="2">
              <value>
                <![CDATA[ÓÊÏä¸ñÊ½´íÎó]]>
              </value>
            </param>
          </params>
          <reporter-output>
          </reporter-output>
        </test-method> <!-- test1 -->
        <test-method status="SKIP" signature="tearDown()[pri:0, instance:selenium_Test.MailInputTest@e068ad3]" name="tearDown" is-config="true" duration-ms="0" started-at="2014-06-13T19:29:07Z" finished-at="2014-06-13T19:29:07Z">
          <reporter-output>
          </reporter-output>
        </test-method> <!-- tearDown -->
        <test-method status="SKIP" signature="setUp()[pri:0, instance:selenium_Test.MailInputTest@e068ad3]" name="setUp" is-config="true" duration-ms="0" started-at="2014-06-13T19:29:07Z" finished-at="2014-06-13T19:29:07Z">
          <reporter-output>
          </reporter-output>
        </test-method> <!-- setUp -->
        <test-method status="SKIP" signature="test1(java.lang.String, java.lang.String, java.lang.String)[pri:0, instance:selenium_Test.MailInputTest@e068ad3]" name="test1" duration-ms="0" started-at="2014-06-13T19:29:07Z" data-provider="mail" finished-at="2014-06-13T19:29:07Z">
          <params>
            <param index="0">
              <value>
                <![CDATA[123@163com]]>
              </value>
            </param>
            <param index="1">
              <value>
                <![CDATA[f]]>
              </value>
            </param>
            <param index="2">
              <value>
                <![CDATA[ÓÊÏä¸ñÊ½´íÎó]]>
              </value>
            </param>
          </params>
          <reporter-output>
          </reporter-output>
        </test-method> <!-- test1 -->
        <test-method status="SKIP" signature="tearDown()[pri:0, instance:selenium_Test.MailInputTest@e068ad3]" name="tearDown" is-config="true" duration-ms="0" started-at="2014-06-13T19:29:07Z" finished-at="2014-06-13T19:29:07Z">
          <reporter-output>
          </reporter-output>
        </test-method> <!-- tearDown -->
      </class> <!-- selenium_Test.MailInputTest -->
    </test> <!-- Default test -->
  </suite> <!-- Default suite -->
</testng-results>
