<?xml version="1.0" encoding="UTF-8"?>
<testng-results skipped="0" failed="0" total="4" passed="4">
  <reporter-output>
  </reporter-output>
  <suite name="Default suite" duration-ms="34513" started-at="2014-06-13T08:45:06Z" finished-at="2014-06-13T08:45:40Z">
    <groups>
    </groups>
    <test name="Default test" duration-ms="34513" started-at="2014-06-13T08:45:06Z" finished-at="2014-06-13T08:45:40Z">
      <class name="selenium_Test.PasswordInputTest">
        <test-method status="PASS" signature="setUp()[pri:0, instance:selenium_Test.PasswordInputTest@65e600bf]" name="setUp" is-config="true" duration-ms="6550" started-at="2014-06-13T16:45:06Z" finished-at="2014-06-13T16:45:13Z">
          <reporter-output>
          </reporter-output>
        </test-method> <!-- setUp -->
        <test-method status="PASS" signature="test1(java.lang.String, java.lang.String, java.lang.String)[pri:0, instance:selenium_Test.PasswordInputTest@65e600bf]" name="test1" duration-ms="1248" started-at="2014-06-13T16:45:13Z" data-provider="pwValidate" finished-at="2014-06-13T16:45:14Z">
          <params>
            <param index="0">
              <value>
                <![CDATA[123jkl]]>
              </value>
            </param>
            <param index="1">
              <value>
                <![CDATA[t]]>
              </value>
            </param>
            <param index="2">
              <value>
                <![CDATA[]]>
              </value>
            </param>
          </params>
          <reporter-output>
          </reporter-output>
        </test-method> <!-- test1 -->
        <test-method status="PASS" signature="tearDown()[pri:0, instance:selenium_Test.PasswordInputTest@65e600bf]" name="tearDown" is-config="true" duration-ms="971" started-at="2014-06-13T16:45:14Z" finished-at="2014-06-13T16:45:15Z">
          <reporter-output>
          </reporter-output>
        </test-method> <!-- tearDown -->
        <test-method status="PASS" signature="setUp()[pri:0, instance:selenium_Test.PasswordInputTest@65e600bf]" name="setUp" is-config="true" duration-ms="4665" started-at="2014-06-13T16:45:15Z" finished-at="2014-06-13T16:45:20Z">
          <reporter-output>
          </reporter-output>
        </test-method> <!-- setUp -->
        <test-method status="PASS" signature="test1(java.lang.String, java.lang.String, java.lang.String)[pri:0, instance:selenium_Test.PasswordInputTest@65e600bf]" name="test1" duration-ms="1299" started-at="2014-06-13T16:45:20Z" data-provider="pwValidate" finished-at="2014-06-13T16:45:21Z">
          <params>
            <param index="0">
              <value>
                <![CDATA[123jk]]>
              </value>
            </param>
            <param index="1">
              <value>
                <![CDATA[f]]>
              </value>
            </param>
            <param index="2">
              <value>
                <![CDATA[请输入6-16位的数字、字母或符号。]]>
              </value>
            </param>
          </params>
          <reporter-output>
          </reporter-output>
        </test-method> <!-- test1 -->
        <test-method status="PASS" signature="tearDown()[pri:0, instance:selenium_Test.PasswordInputTest@65e600bf]" name="tearDown" is-config="true" duration-ms="1014" started-at="2014-06-13T16:45:21Z" finished-at="2014-06-13T16:45:22Z">
          <reporter-output>
          </reporter-output>
        </test-method> <!-- tearDown -->
        <test-method status="PASS" signature="setUp()[pri:0, instance:selenium_Test.PasswordInputTest@65e600bf]" name="setUp" is-config="true" duration-ms="4751" started-at="2014-06-13T16:45:22Z" finished-at="2014-06-13T16:45:27Z">
          <reporter-output>
          </reporter-output>
        </test-method> <!-- setUp -->
        <test-method status="PASS" signature="test1(java.lang.String, java.lang.String, java.lang.String)[pri:0, instance:selenium_Test.PasswordInputTest@65e600bf]" name="test1" duration-ms="1856" started-at="2014-06-13T16:45:27Z" data-provider="pwValidate" finished-at="2014-06-13T16:45:28Z">
          <params>
            <param index="0">
              <value>
                <![CDATA[1234567890jklzxc]]>
              </value>
            </param>
            <param index="1">
              <value>
                <![CDATA[t]]>
              </value>
            </param>
            <param index="2">
              <value>
                <![CDATA[]]>
              </value>
            </param>
          </params>
          <reporter-output>
          </reporter-output>
        </test-method> <!-- test1 -->
        <test-method status="PASS" signature="tearDown()[pri:0, instance:selenium_Test.PasswordInputTest@65e600bf]" name="tearDown" is-config="true" duration-ms="1007" started-at="2014-06-13T16:45:28Z" finished-at="2014-06-13T16:45:29Z">
          <reporter-output>
          </reporter-output>
        </test-method> <!-- tearDown -->
        <test-method status="PASS" signature="setUp()[pri:0, instance:selenium_Test.PasswordInputTest@65e600bf]" name="setUp" is-config="true" duration-ms="4667" started-at="2014-06-13T16:45:29Z" finished-at="2014-06-13T16:45:34Z">
          <reporter-output>
          </reporter-output>
        </test-method> <!-- setUp -->
        <test-method status="PASS" signature="test1(java.lang.String, java.lang.String, java.lang.String)[pri:0, instance:selenium_Test.PasswordInputTest@65e600bf]" name="test1" duration-ms="5256" started-at="2014-06-13T16:45:34Z" data-provider="pwValidate" finished-at="2014-06-13T16:45:39Z">
          <params>
            <param index="0">
              <value>
                <![CDATA[1234567890jklzxcv]]>
              </value>
            </param>
            <param index="1">
              <value>
                <![CDATA[s]]>
              </value>
            </param>
            <param index="2">
              <value>
                <![CDATA[1234567890jklzxc]]>
              </value>
            </param>
          </params>
          <reporter-output>
          </reporter-output>
        </test-method> <!-- test1 -->
        <test-method status="PASS" signature="tearDown()[pri:0, instance:selenium_Test.PasswordInputTest@65e600bf]" name="tearDown" is-config="true" duration-ms="827" started-at="2014-06-13T16:45:39Z" finished-at="2014-06-13T16:45:40Z">
          <reporter-output>
          </reporter-output>
        </test-method> <!-- tearDown -->
      </class> <!-- selenium_Test.PasswordInputTest -->
    </test> <!-- Default test -->
  </suite> <!-- Default suite -->
</testng-results>
